{"type":"server-started","port":57663,"host":"127.0.0.1","url_host":"localhost","url":"http://localhost:57663","screen_dir":"/Users/josh/Desktop/Projects/Math Game/.superpowers/brainstorm/53634-1776688479/content","state_dir":"/Users/josh/Desktop/Projects/Math Game/.superpowers/brainstorm/53634-1776688479/state"}
{"type":"screen-added","file":"/Users/josh/Desktop/Projects/Math Game/.superpowers/brainstorm/53634-1776688479/content/release-themes.html"}
{"type":"screen-added","file":"/Users/josh/Desktop/Projects/Math Game/.superpowers/brainstorm/53634-1776688479/content/waiting-1.html"}
{"type":"screen-added","file":"/Users/josh/Desktop/Projects/Math Game/.superpowers/brainstorm/53634-1776688479/content/architecture-approaches.html"}
{"source":"user-event","type":"click","text":"C — Recommended\n    \n      Hybrid (Clean Interface)\n      Cards & rules live in Supabase. Game state lives in browser now, behind a clean GameEngine interface that can move server-side later without touching UI code.\n      \n        ProsFast to build nowMultiplayer upgrade path without rewriteCard database ready from day one\n        ConsSlightly more upfront designStill client-side state (not cheat-proof)","choice":"hybrid","id":null,"timestamp":1776691828670}
{"source":"user-event","type":"click","text":"C — Recommended\n    \n      Hybrid (Clean Interface)\n      Cards & rules live in Supabase. Game state lives in browser now, behind a clean GameEngine interface that can move server-side later without touching UI code.\n      \n        ProsFast to build nowMultiplayer upgrade path without rewriteCard database ready from day one\n        ConsSlightly more upfront designStill client-side state (not cheat-proof)","choice":"hybrid","id":null,"timestamp":1776691833668}
{"type":"screen-added","file":"/Users/josh/Desktop/Projects/Math Game/.superpowers/brainstorm/53634-1776688479/content/card-designs.html"}
{"type":"screen-added","file":"/Users/josh/Desktop/Projects/Math Game/.superpowers/brainstorm/53634-1776688479/content/card-designs-v2.html"}
{"source":"user-event","type":"click","text":"Zeus\n      +8\n    \n    \n    ⚡\n    \n    \n      CreatureGreek Mythology\n    \n    \n    \n      Play on either side. Adds its value to that side's total.\n      \"King of the gods. His presence demands respect.\"\n    \n    \n    \n      CREATURE · RELEASE 1","choice":"creature","id":null,"timestamp":1776693286247}
{"source":"user-event","type":"click","text":"Zeus\n      +8\n    \n    \n    ⚡\n    \n    \n      CreatureGreek Mythology\n    \n    \n    \n      Play on either side. Adds its value to that side's total.\n      \"King of the gods. His presence demands respect.\"\n    \n    \n    \n      CREATURE · RELEASE 1","choice":"creature","id":null,"timestamp":1776693287386}
{"source":"user-event","type":"click","text":"Ambrosia\n      +3\n    \n    🏺\n    \n      ItemGreek Mythology\n    \n    \n      Add +3 to one creature on the field. Attach to that creature.\n      \"The food of the gods. Not meant for mortals.\"\n    \n    \n      ITEM · RELEASE 1","choice":"item","id":null,"timestamp":1776693288420}
{"source":"user-event","type":"click","text":"Cyclone of Poseidon\n      ×5\n    \n    🌀\n    \n      ActionGreek Mythology\n    \n    \n      Multiply one creature's value by 5. Attach to that creature.\n      \"Even the seas bow to his fury.\"\n    \n    \n      ACTION · RELEASE 1","choice":"action","id":null,"timestamp":1776693289277}
{"type":"screen-added","file":"/Users/josh/Desktop/Projects/Math Game/.superpowers/brainstorm/53634-1776688479/content/card-designs-v3.html"}
{"type":"screen-added","file":"/Users/josh/Desktop/Projects/Math Game/.superpowers/brainstorm/53634-1776688479/content/game-board.html"}
{"type":"screen-added","file":"/Users/josh/Desktop/Projects/Math Game/.superpowers/brainstorm/53634-1776688479/content/game-board-v2.html"}
{"type":"screen-added","file":"/Users/josh/Desktop/Projects/Math Game/.superpowers/brainstorm/53634-1776688479/content/game-board-v3.html"}
{"type":"screen-added","file":"/Users/josh/Desktop/Projects/Math Game/.superpowers/brainstorm/53634-1776688479/content/game-board-v4.html"}
{"type":"screen-updated","file":"/Users/josh/Desktop/Projects/Math Game/.superpowers/brainstorm/53634-1776688479/content/game-board-v4.html"}
{"type":"screen-updated","file":"/Users/josh/Desktop/Projects/Math Game/.superpowers/brainstorm/53634-1776688479/content/game-board-v4.html"}
{"type":"screen-added","file":"/Users/josh/Desktop/Projects/Math Game/.superpowers/brainstorm/53634-1776688479/content/game-board-v5.html"}
{"type":"screen-updated","file":"/Users/josh/Desktop/Projects/Math Game/.superpowers/brainstorm/53634-1776688479/content/game-board-v5.html"}
{"type":"screen-added","file":"/Users/josh/Desktop/Projects/Math Game/.superpowers/brainstorm/53634-1776688479/content/waiting-2.html"}
{"type":"server-stopped","reason":"idle timeout"}
